
*** Running vivado
    with args -log shell_check.vds -m64 -product Vivado -mode batch -messageDb vivado.pb -notrace -source shell_check.tcl


****** Vivado v2019.2 (64-bit)
  **** SW Build 2708876 on Wed Nov  6 21:40:23 MST 2019
  **** IP Build 2700528 on Thu Nov  7 00:09:20 MST 2019
    ** Copyright 1986-2019 Xilinx, Inc. All Rights Reserved.

source shell_check.tcl -notrace
Command: synth_design -top shell_check -part xc7a100tcsg324-1
Starting synth_design
Attempting to get a license for feature 'Synthesis' and/or device 'xc7a100t'
INFO: [Common 17-349] Got license for feature 'Synthesis' and/or device 'xc7a100t'
INFO: [Device 21-403] Loading part xc7a100tcsg324-1
INFO: Launching helper process for spawning children vivado processes
INFO: Helper process launched with PID 15840 
---------------------------------------------------------------------------------
Starting RTL Elaboration : Time (s): cpu = 00:00:05 ; elapsed = 00:00:06 . Memory (MB): peak = 786.184 ; gain = 235.355
---------------------------------------------------------------------------------
INFO: [Synth 8-6157] synthesizing module 'shell_check' [C:/Vivado_project/JOB_projects/trash_projects/check_xdc/src/shell_check.sv:1]
INFO: [Synth 8-6157] synthesizing module 'PushButton' [C:/Vivado_project/JOB_projects/trash_projects/check_xdc/src/PushButton.sv:1]
INFO: [Synth 8-6157] synthesizing module 'Slow_Clock_4Hz' [C:/Vivado_project/JOB_projects/trash_projects/check_xdc/src/Slow_Clock_4Hz.sv:1]
INFO: [Synth 8-6155] done synthesizing module 'Slow_Clock_4Hz' (1#1) [C:/Vivado_project/JOB_projects/trash_projects/check_xdc/src/Slow_Clock_4Hz.sv:1]
INFO: [Synth 8-6157] synthesizing module 'D_FF' [C:/Vivado_project/JOB_projects/trash_projects/check_xdc/src/D_FF.sv:1]
INFO: [Synth 8-6155] done synthesizing module 'D_FF' (2#1) [C:/Vivado_project/JOB_projects/trash_projects/check_xdc/src/D_FF.sv:1]
WARNING: [Synth 8-7023] instance 'D1' of module 'D_FF' has 4 connections declared, but only 3 given [C:/Vivado_project/JOB_projects/trash_projects/check_xdc/src/PushButton.sv:17]
WARNING: [Synth 8-7023] instance 'D2' of module 'D_FF' has 4 connections declared, but only 3 given [C:/Vivado_project/JOB_projects/trash_projects/check_xdc/src/PushButton.sv:25]
INFO: [Synth 8-6155] done synthesizing module 'PushButton' (3#1) [C:/Vivado_project/JOB_projects/trash_projects/check_xdc/src/PushButton.sv:1]
INFO: [Synth 8-6155] done synthesizing module 'shell_check' (4#1) [C:/Vivado_project/JOB_projects/trash_projects/check_xdc/src/shell_check.sv:1]
WARNING: [Synth 8-3331] design shell_check has unconnected port LED[3]
WARNING: [Synth 8-3331] design shell_check has unconnected port LED[2]
WARNING: [Synth 8-3331] design shell_check has unconnected port LED[1]
---------------------------------------------------------------------------------
Finished RTL Elaboration : Time (s): cpu = 00:00:07 ; elapsed = 00:00:08 . Memory (MB): peak = 858.719 ; gain = 307.891
---------------------------------------------------------------------------------

Report Check Netlist: 
+------+------------------+-------+---------+-------+------------------+
|      |Item              |Errors |Warnings |Status |Description       |
+------+------------------+-------+---------+-------+------------------+
|1     |multi_driven_nets |      0|        0|Passed |Multi driven nets |
+------+------------------+-------+---------+-------+------------------+
---------------------------------------------------------------------------------
Start Handling Custom Attributes
---------------------------------------------------------------------------------
---------------------------------------------------------------------------------
Finished Handling Custom Attributes : Time (s): cpu = 00:00:08 ; elapsed = 00:00:09 . Memory (MB): peak = 858.719 ; gain = 307.891
---------------------------------------------------------------------------------
---------------------------------------------------------------------------------
Finished RTL Optimization Phase 1 : Time (s): cpu = 00:00:08 ; elapsed = 00:00:09 . Memory (MB): peak = 858.719 ; gain = 307.891
---------------------------------------------------------------------------------
Netlist sorting complete. Time (s): cpu = 00:00:00 ; elapsed = 00:00:00.001 . Memory (MB): peak = 858.719 ; gain = 0.000
INFO: [Project 1-570] Preparing netlist for logic optimization

Processing XDC Constraints
Initializing timing engine
Parsing XDC File [C:/Vivado_project/JOB_projects/trash_projects/check_xdc/check_xdc.srcs/constrs_1/new/constr_artix-7.xdc]
WARNING: [Vivado 12-584] No ports matched 'SW[0]'. [C:/Vivado_project/JOB_projects/trash_projects/check_xdc/check_xdc.srcs/constrs_1/new/constr_artix-7.xdc:12]
CRITICAL WARNING: [Common 17-55] 'set_property' expects at least one object. [C:/Vivado_project/JOB_projects/trash_projects/check_xdc/check_xdc.srcs/constrs_1/new/constr_artix-7.xdc:12]
Resolution: If [get_<value>] was used to populate the object, check to make sure this command returns at least one valid object.
WARNING: [Vivado 12-584] No ports matched 'SW[1]'. [C:/Vivado_project/JOB_projects/trash_projects/check_xdc/check_xdc.srcs/constrs_1/new/constr_artix-7.xdc:13]
CRITICAL WARNING: [Common 17-55] 'set_property' expects at least one object. [C:/Vivado_project/JOB_projects/trash_projects/check_xdc/check_xdc.srcs/constrs_1/new/constr_artix-7.xdc:13]
Resolution: If [get_<value>] was used to populate the object, check to make sure this command returns at least one valid object.
WARNING: [Vivado 12-584] No ports matched 'SW[2]'. [C:/Vivado_project/JOB_projects/trash_projects/check_xdc/check_xdc.srcs/constrs_1/new/constr_artix-7.xdc:14]
CRITICAL WARNING: [Common 17-55] 'set_property' expects at least one object. [C:/Vivado_project/JOB_projects/trash_projects/check_xdc/check_xdc.srcs/constrs_1/new/constr_artix-7.xdc:14]
Resolution: If [get_<value>] was used to populate the object, check to make sure this command returns at least one valid object.
WARNING: [Vivado 12-584] No ports matched 'SW[3]'. [C:/Vivado_project/JOB_projects/trash_projects/check_xdc/check_xdc.srcs/constrs_1/new/constr_artix-7.xdc:15]
CRITICAL WARNING: [Common 17-55] 'set_property' expects at least one object. [C:/Vivado_project/JOB_projects/trash_projects/check_xdc/check_xdc.srcs/constrs_1/new/constr_artix-7.xdc:15]
Resolution: If [get_<value>] was used to populate the object, check to make sure this command returns at least one valid object.
WARNING: [Vivado 12-584] No ports matched 'SW[4]'. [C:/Vivado_project/JOB_projects/trash_projects/check_xdc/check_xdc.srcs/constrs_1/new/constr_artix-7.xdc:16]
CRITICAL WARNING: [Common 17-55] 'set_property' expects at least one object. [C:/Vivado_project/JOB_projects/trash_projects/check_xdc/check_xdc.srcs/constrs_1/new/constr_artix-7.xdc:16]
Resolution: If [get_<value>] was used to populate the object, check to make sure this command returns at least one valid object.
WARNING: [Vivado 12-584] No ports matched 'SW[5]'. [C:/Vivado_project/JOB_projects/trash_projects/check_xdc/check_xdc.srcs/constrs_1/new/constr_artix-7.xdc:17]
CRITICAL WARNING: [Common 17-55] 'set_property' expects at least one object. [C:/Vivado_project/JOB_projects/trash_projects/check_xdc/check_xdc.srcs/constrs_1/new/constr_artix-7.xdc:17]
Resolution: If [get_<value>] was used to populate the object, check to make sure this command returns at least one valid object.
WARNING: [Vivado 12-584] No ports matched 'SW[6]'. [C:/Vivado_project/JOB_projects/trash_projects/check_xdc/check_xdc.srcs/constrs_1/new/constr_artix-7.xdc:18]
CRITICAL WARNING: [Common 17-55] 'set_property' expects at least one object. [C:/Vivado_project/JOB_projects/trash_projects/check_xdc/check_xdc.srcs/constrs_1/new/constr_artix-7.xdc:18]
Resolution: If [get_<value>] was used to populate the object, check to make sure this command returns at least one valid object.
WARNING: [Vivado 12-584] No ports matched 'SW[7]'. [C:/Vivado_project/JOB_projects/trash_projects/check_xdc/check_xdc.srcs/constrs_1/new/constr_artix-7.xdc:19]
CRITICAL WARNING: [Common 17-55] 'set_property' expects at least one object. [C:/Vivado_project/JOB_projects/trash_projects/check_xdc/check_xdc.srcs/constrs_1/new/constr_artix-7.xdc:19]
Resolution: If [get_<value>] was used to populate the object, check to make sure this command returns at least one valid object.
WARNING: [Vivado 12-584] No ports matched 'SW[8]'. [C:/Vivado_project/JOB_projects/trash_projects/check_xdc/check_xdc.srcs/constrs_1/new/constr_artix-7.xdc:20]
CRITICAL WARNING: [Common 17-55] 'set_property' expects at least one object. [C:/Vivado_project/JOB_projects/trash_projects/check_xdc/check_xdc.srcs/constrs_1/new/constr_artix-7.xdc:20]
Resolution: If [get_<value>] was used to populate the object, check to make sure this command returns at least one valid object.
WARNING: [Vivado 12-584] No ports matched 'SW[9]'. [C:/Vivado_project/JOB_projects/trash_projects/check_xdc/check_xdc.srcs/constrs_1/new/constr_artix-7.xdc:21]
CRITICAL WARNING: [Common 17-55] 'set_property' expects at least one object. [C:/Vivado_project/JOB_projects/trash_projects/check_xdc/check_xdc.srcs/constrs_1/new/constr_artix-7.xdc:21]
Resolution: If [get_<value>] was used to populate the object, check to make sure this command returns at least one valid object.
WARNING: [Vivado 12-584] No ports matched 'SW[10]'. [C:/Vivado_project/JOB_projects/trash_projects/check_xdc/check_xdc.srcs/constrs_1/new/constr_artix-7.xdc:22]
CRITICAL WARNING: [Common 17-55] 'set_property' expects at least one object. [C:/Vivado_project/JOB_projects/trash_projects/check_xdc/check_xdc.srcs/constrs_1/new/constr_artix-7.xdc:22]
Resolution: If [get_<value>] was used to populate the object, check to make sure this command returns at least one valid object.
WARNING: [Vivado 12-584] No ports matched 'SW[11]'. [C:/Vivado_project/JOB_projects/trash_projects/check_xdc/check_xdc.srcs/constrs_1/new/constr_artix-7.xdc:23]
CRITICAL WARNING: [Common 17-55] 'set_property' expects at least one object. [C:/Vivado_project/JOB_projects/trash_projects/check_xdc/check_xdc.srcs/constrs_1/new/constr_artix-7.xdc:23]
Resolution: If [get_<value>] was used to populate the object, check to make sure this command returns at least one valid object.
WARNING: [Vivado 12-584] No ports matched 'SW[12]'. [C:/Vivado_project/JOB_projects/trash_projects/check_xdc/check_xdc.srcs/constrs_1/new/constr_artix-7.xdc:24]
CRITICAL WARNING: [Common 17-55] 'set_property' expects at least one object. [C:/Vivado_project/JOB_projects/trash_projects/check_xdc/check_xdc.srcs/constrs_1/new/constr_artix-7.xdc:24]
Resolution: If [get_<value>] was used to populate the object, check to make sure this command returns at least one valid object.
WARNING: [Vivado 12-584] No ports matched 'SW[13]'. [C:/Vivado_project/JOB_projects/trash_projects/check_xdc/check_xdc.srcs/constrs_1/new/constr_artix-7.xdc:25]
CRITICAL WARNING: [Common 17-55] 'set_property' expects at least one object. [C:/Vivado_project/JOB_projects/trash_projects/check_xdc/check_xdc.srcs/constrs_1/new/constr_artix-7.xdc:25]
Resolution: If [get_<value>] was used to populate the object, check to make sure this command returns at least one valid object.
WARNING: [Vivado 12-584] No ports matched 'SW[14]'. [C:/Vivado_project/JOB_projects/trash_projects/check_xdc/check_xdc.srcs/constrs_1/new/constr_artix-7.xdc:26]
CRITICAL WARNING: [Common 17-55] 'set_property' expects at least one object. [C:/Vivado_project/JOB_projects/trash_projects/check_xdc/check_xdc.srcs/constrs_1/new/constr_artix-7.xdc:26]
Resolution: If [get_<value>] was used to populate the object, check to make sure this command returns at least one valid object.
WARNING: [Vivado 12-584] No ports matched 'SW[15]'. [C:/Vivado_project/JOB_projects/trash_projects/check_xdc/check_xdc.srcs/constrs_1/new/constr_artix-7.xdc:27]
CRITICAL WARNING: [Common 17-55] 'set_property' expects at least one object. [C:/Vivado_project/JOB_projects/trash_projects/check_xdc/check_xdc.srcs/constrs_1/new/constr_artix-7.xdc:27]
Resolution: If [get_<value>] was used to populate the object, check to make sure this command returns at least one valid object.
WARNING: [Vivado 12-584] No ports matched 'LED[4]'. [C:/Vivado_project/JOB_projects/trash_projects/check_xdc/check_xdc.srcs/constrs_1/new/constr_artix-7.xdc:34]
CRITICAL WARNING: [Common 17-55] 'set_property' expects at least one object. [C:/Vivado_project/JOB_projects/trash_projects/check_xdc/check_xdc.srcs/constrs_1/new/constr_artix-7.xdc:34]
Resolution: If [get_<value>] was used to populate the object, check to make sure this command returns at least one valid object.
WARNING: [Vivado 12-584] No ports matched 'LED[5]'. [C:/Vivado_project/JOB_projects/trash_projects/check_xdc/check_xdc.srcs/constrs_1/new/constr_artix-7.xdc:35]
CRITICAL WARNING: [Common 17-55] 'set_property' expects at least one object. [C:/Vivado_project/JOB_projects/trash_projects/check_xdc/check_xdc.srcs/constrs_1/new/constr_artix-7.xdc:35]
Resolution: If [get_<value>] was used to populate the object, check to make sure this command returns at least one valid object.
WARNING: [Vivado 12-584] No ports matched 'LED[5]'. [C:/Vivado_project/JOB_projects/trash_projects/check_xdc/check_xdc.srcs/constrs_1/new/constr_artix-7.xdc:36]
CRITICAL WARNING: [Common 17-55] 'set_property' expects at least one object. [C:/Vivado_project/JOB_projects/trash_projects/check_xdc/check_xdc.srcs/constrs_1/new/constr_artix-7.xdc:36]
Resolution: If [get_<value>] was used to populate the object, check to make sure this command returns at least one valid object.
WARNING: [Vivado 12-584] No ports matched 'LED[7]'. [C:/Vivado_project/JOB_projects/trash_projects/check_xdc/check_xdc.srcs/constrs_1/new/constr_artix-7.xdc:37]
CRITICAL WARNING: [Common 17-55] 'set_property' expects at least one object. [C:/Vivado_project/JOB_projects/trash_projects/check_xdc/check_xdc.srcs/constrs_1/new/constr_artix-7.xdc:37]
Resolution: If [get_<value>] was used to populate the object, check to make sure this command returns at least one valid object.
WARNING: [Vivado 12-584] No ports matched 'LED[8]'. [C:/Vivado_project/JOB_projects/trash_projects/check_xdc/check_xdc.srcs/constrs_1/new/constr_artix-7.xdc:38]
CRITICAL WARNING: [Common 17-55] 'set_property' expects at least one object. [C:/Vivado_project/JOB_projects/trash_projects/check_xdc/check_xdc.srcs/constrs_1/new/constr_artix-7.xdc:38]
Resolution: If [get_<value>] was used to populate the object, check to make sure this command returns at least one valid object.
WARNING: [Vivado 12-584] No ports matched 'LED[9]'. [C:/Vivado_project/JOB_projects/trash_projects/check_xdc/check_xdc.srcs/constrs_1/new/constr_artix-7.xdc:39]
CRITICAL WARNING: [Common 17-55] 'set_property' expects at least one object. [C:/Vivado_project/JOB_projects/trash_projects/check_xdc/check_xdc.srcs/constrs_1/new/constr_artix-7.xdc:39]
Resolution: If [get_<value>] was used to populate the object, check to make sure this command returns at least one valid object.
WARNING: [Vivado 12-584] No ports matched 'LED[10]'. [C:/Vivado_project/JOB_projects/trash_projects/check_xdc/check_xdc.srcs/constrs_1/new/constr_artix-7.xdc:40]
CRITICAL WARNING: [Common 17-55] 'set_property' expects at least one object. [C:/Vivado_project/JOB_projects/trash_projects/check_xdc/check_xdc.srcs/constrs_1/new/constr_artix-7.xdc:40]
Resolution: If [get_<value>] was used to populate the object, check to make sure this command returns at least one valid object.
WARNING: [Vivado 12-584] No ports matched 'LED[11]'. [C:/Vivado_project/JOB_projects/trash_projects/check_xdc/check_xdc.srcs/constrs_1/new/constr_artix-7.xdc:41]
CRITICAL WARNING: [Common 17-55] 'set_property' expects at least one object. [C:/Vivado_project/JOB_projects/trash_projects/check_xdc/check_xdc.srcs/constrs_1/new/constr_artix-7.xdc:41]
Resolution: If [get_<value>] was used to populate the object, check to make sure this command returns at least one valid object.
WARNING: [Vivado 12-584] No ports matched 'LED[12]'. [C:/Vivado_project/JOB_projects/trash_projects/check_xdc/check_xdc.srcs/constrs_1/new/constr_artix-7.xdc:42]
CRITICAL WARNING: [Common 17-55] 'set_property' expects at least one object. [C:/Vivado_project/JOB_projects/trash_projects/check_xdc/check_xdc.srcs/constrs_1/new/constr_artix-7.xdc:42]
Resolution: If [get_<value>] was used to populate the object, check to make sure this command returns at least one valid object.
WARNING: [Vivado 12-584] No ports matched 'LED[13]'. [C:/Vivado_project/JOB_projects/trash_projects/check_xdc/check_xdc.srcs/constrs_1/new/constr_artix-7.xdc:43]
CRITICAL WARNING: [Common 17-55] 'set_property' expects at least one object. [C:/Vivado_project/JOB_projects/trash_projects/check_xdc/check_xdc.srcs/constrs_1/new/constr_artix-7.xdc:43]
Resolution: If [get_<value>] was used to populate the object, check to make sure this command returns at least one valid object.
WARNING: [Vivado 12-584] No ports matched 'LED[14]'. [C:/Vivado_project/JOB_projects/trash_projects/check_xdc/check_xdc.srcs/constrs_1/new/constr_artix-7.xdc:44]
CRITICAL WARNING: [Common 17-55] 'set_property' expects at least one object. [C:/Vivado_project/JOB_projects/trash_projects/check_xdc/check_xdc.srcs/constrs_1/new/constr_artix-7.xdc:44]
Resolution: If [get_<value>] was used to populate the object, check to make sure this command returns at least one valid object.
WARNING: [Vivado 12-584] No ports matched 'LED[15]'. [C:/Vivado_project/JOB_projects/trash_projects/check_xdc/check_xdc.srcs/constrs_1/new/constr_artix-7.xdc:45]
CRITICAL WARNING: [Common 17-55] 'set_property' expects at least one object. [C:/Vivado_project/JOB_projects/trash_projects/check_xdc/check_xdc.srcs/constrs_1/new/constr_artix-7.xdc:45]
Resolution: If [get_<value>] was used to populate the object, check to make sure this command returns at least one valid object.
Finished Parsing XDC File [C:/Vivado_project/JOB_projects/trash_projects/check_xdc/check_xdc.srcs/constrs_1/new/constr_artix-7.xdc]
INFO: [Project 1-236] Implementation specific constraints were found while reading constraint file [C:/Vivado_project/JOB_projects/trash_projects/check_xdc/check_xdc.srcs/constrs_1/new/constr_artix-7.xdc]. These constraints will be ignored for synthesis but will be used in implementation. Impacted constraints are listed in the file [.Xil/shell_check_propImpl.xdc].
Resolution: To avoid this warning, move constraints listed in [.Xil/shell_check_propImpl.xdc] to another XDC file and exclude this new file from synthesis with the used_in_synthesis property (File Properties dialog in GUI) and re-run elaboration/synthesis.
Completed Processing XDC Constraints

Netlist sorting complete. Time (s): cpu = 00:00:00 ; elapsed = 00:00:00 . Memory (MB): peak = 914.457 ; gain = 0.000
INFO: [Project 1-111] Unisim Transformation Summary:
No Unisim elements were transformed.

Constraint Validation Runtime : Time (s): cpu = 00:00:00 ; elapsed = 00:00:00.008 . Memory (MB): peak = 914.457 ; gain = 0.000
---------------------------------------------------------------------------------
Finished Constraint Validation : Time (s): cpu = 00:00:16 ; elapsed = 00:00:18 . Memory (MB): peak = 914.457 ; gain = 363.629
---------------------------------------------------------------------------------
---------------------------------------------------------------------------------
Start Loading Part and Timing Information
---------------------------------------------------------------------------------
Loading part: xc7a100tcsg324-1
---------------------------------------------------------------------------------
Finished Loading Part and Timing Information : Time (s): cpu = 00:00:16 ; elapsed = 00:00:18 . Memory (MB): peak = 914.457 ; gain = 363.629
---------------------------------------------------------------------------------
---------------------------------------------------------------------------------
Start Applying 'set_property' XDC Constraints
---------------------------------------------------------------------------------
---------------------------------------------------------------------------------
Finished applying 'set_property' XDC Constraints : Time (s): cpu = 00:00:16 ; elapsed = 00:00:18 . Memory (MB): peak = 914.457 ; gain = 363.629
---------------------------------------------------------------------------------
---------------------------------------------------------------------------------
Finished RTL Optimization Phase 2 : Time (s): cpu = 00:00:17 ; elapsed = 00:00:19 . Memory (MB): peak = 914.457 ; gain = 363.629
---------------------------------------------------------------------------------

Report RTL Partitions: 
+-+--------------+------------+----------+
| |RTL Partition |Replication |Instances |
+-+--------------+------------+----------+
+-+--------------+------------+----------+
---------------------------------------------------------------------------------
Start RTL Component Statistics 
---------------------------------------------------------------------------------
Detailed RTL Component Info : 
+---Adders : 
	   2 Input     26 Bit       Adders := 1     
+---Registers : 
	               26 Bit    Registers := 1     
	                1 Bit    Registers := 5     
+---Muxes : 
	   2 Input     26 Bit        Muxes := 1     
---------------------------------------------------------------------------------
Finished RTL Component Statistics 
---------------------------------------------------------------------------------
---------------------------------------------------------------------------------
Start RTL Hierarchical Component Statistics 
---------------------------------------------------------------------------------
Hierarchical RTL Component report 
Module Slow_Clock_4Hz 
Detailed RTL Component Info : 
+---Adders : 
	   2 Input     26 Bit       Adders := 1     
+---Registers : 
	               26 Bit    Registers := 1     
	                1 Bit    Registers := 1     
+---Muxes : 
	   2 Input     26 Bit        Muxes := 1     
Module D_FF 
Detailed RTL Component Info : 
+---Registers : 
	                1 Bit    Registers := 2     
---------------------------------------------------------------------------------
Finished RTL Hierarchical Component Statistics
---------------------------------------------------------------------------------
---------------------------------------------------------------------------------
Start Part Resource Summary
---------------------------------------------------------------------------------
Part Resources:
DSPs: 240 (col length:80)
BRAMs: 270 (col length: RAMB18 80 RAMB36 40)
---------------------------------------------------------------------------------
Finished Part Resource Summary
---------------------------------------------------------------------------------
---------------------------------------------------------------------------------
Start Cross Boundary and Area Optimization
---------------------------------------------------------------------------------
Warning: Parallel synthesis criteria is not met 
WARNING: [Synth 8-3331] design shell_check has unconnected port LED[3]
WARNING: [Synth 8-3331] design shell_check has unconnected port LED[2]
WARNING: [Synth 8-3331] design shell_check has unconnected port LED[1]
---------------------------------------------------------------------------------
Finished Cross Boundary and Area Optimization : Time (s): cpu = 00:00:19 ; elapsed = 00:00:21 . Memory (MB): peak = 914.457 ; gain = 363.629
---------------------------------------------------------------------------------

Report RTL Partitions: 
+-+--------------+------------+----------+
| |RTL Partition |Replication |Instances |
+-+--------------+------------+----------+
+-+--------------+------------+----------+
---------------------------------------------------------------------------------
Start Applying XDC Timing Constraints
---------------------------------------------------------------------------------
---------------------------------------------------------------------------------
Finished Applying XDC Timing Constraints : Time (s): cpu = 00:00:30 ; elapsed = 00:00:33 . Memory (MB): peak = 937.902 ; gain = 387.074
---------------------------------------------------------------------------------
---------------------------------------------------------------------------------
Start Timing Optimization
---------------------------------------------------------------------------------
---------------------------------------------------------------------------------
Finished Timing Optimization : Time (s): cpu = 00:00:30 ; elapsed = 00:00:33 . Memory (MB): peak = 958.570 ; gain = 407.742
---------------------------------------------------------------------------------

Report RTL Partitions: 
+-+--------------+------------+----------+
| |RTL Partition |Replication |Instances |
+-+--------------+------------+----------+
+-+--------------+------------+----------+
---------------------------------------------------------------------------------
Start Technology Mapping
---------------------------------------------------------------------------------
---------------------------------------------------------------------------------
Finished Technology Mapping : Time (s): cpu = 00:00:30 ; elapsed = 00:00:33 . Memory (MB): peak = 958.570 ; gain = 407.742
---------------------------------------------------------------------------------

Report RTL Partitions: 
+-+--------------+------------+----------+
| |RTL Partition |Replication |Instances |
+-+--------------+------------+----------+
+-+--------------+------------+----------+
---------------------------------------------------------------------------------
Start IO Insertion
---------------------------------------------------------------------------------
---------------------------------------------------------------------------------
Start Flattening Before IO Insertion
---------------------------------------------------------------------------------
---------------------------------------------------------------------------------
Finished Flattening Before IO Insertion
---------------------------------------------------------------------------------
---------------------------------------------------------------------------------
Start Final Netlist Cleanup
---------------------------------------------------------------------------------
---------------------------------------------------------------------------------
Finished Final Netlist Cleanup
---------------------------------------------------------------------------------
---------------------------------------------------------------------------------
Finished IO Insertion : Time (s): cpu = 00:00:37 ; elapsed = 00:00:40 . Memory (MB): peak = 966.164 ; gain = 415.336
---------------------------------------------------------------------------------
---------------------------------------------------------------------------------
Start Renaming Generated Instances
---------------------------------------------------------------------------------
---------------------------------------------------------------------------------
Finished Renaming Generated Instances : Time (s): cpu = 00:00:37 ; elapsed = 00:00:40 . Memory (MB): peak = 966.164 ; gain = 415.336
---------------------------------------------------------------------------------

Report RTL Partitions: 
+-+--------------+------------+----------+
| |RTL Partition |Replication |Instances |
+-+--------------+------------+----------+
+-+--------------+------------+----------+

Report Check Netlist: 
+------+------------------+-------+---------+-------+------------------+
|      |Item              |Errors |Warnings |Status |Description       |
+------+------------------+-------+---------+-------+------------------+
|1     |multi_driven_nets |      0|        0|Passed |Multi driven nets |
+------+------------------+-------+---------+-------+------------------+
---------------------------------------------------------------------------------
Start Rebuilding User Hierarchy
---------------------------------------------------------------------------------
---------------------------------------------------------------------------------
Finished Rebuilding User Hierarchy : Time (s): cpu = 00:00:37 ; elapsed = 00:00:40 . Memory (MB): peak = 966.164 ; gain = 415.336
---------------------------------------------------------------------------------
---------------------------------------------------------------------------------
Start Renaming Generated Ports
---------------------------------------------------------------------------------
---------------------------------------------------------------------------------
Finished Renaming Generated Ports : Time (s): cpu = 00:00:37 ; elapsed = 00:00:40 . Memory (MB): peak = 966.164 ; gain = 415.336
---------------------------------------------------------------------------------
---------------------------------------------------------------------------------
Start Handling Custom Attributes
---------------------------------------------------------------------------------
---------------------------------------------------------------------------------
Finished Handling Custom Attributes : Time (s): cpu = 00:00:37 ; elapsed = 00:00:40 . Memory (MB): peak = 966.164 ; gain = 415.336
---------------------------------------------------------------------------------
---------------------------------------------------------------------------------
Start Renaming Generated Nets
---------------------------------------------------------------------------------
---------------------------------------------------------------------------------
Finished Renaming Generated Nets : Time (s): cpu = 00:00:37 ; elapsed = 00:00:40 . Memory (MB): peak = 966.164 ; gain = 415.336
---------------------------------------------------------------------------------
---------------------------------------------------------------------------------
Start Writing Synthesis Report
---------------------------------------------------------------------------------

Report BlackBoxes: 
+-+--------------+----------+
| |BlackBox name |Instances |
+-+--------------+----------+
+-+--------------+----------+

Report Cell Usage: 
+------+-------+------+
|      |Cell   |Count |
+------+-------+------+
|1     |BUFG   |     1|
|2     |CARRY4 |     7|
|3     |LUT2   |     3|
|4     |LUT3   |     1|
|5     |LUT4   |     5|
|6     |LUT5   |     1|
|7     |LUT6   |     1|
|8     |FDRE   |    29|
|9     |IBUF   |     2|
|10    |OBUF   |     1|
|11    |OBUFT  |     3|
+------+-------+------+

Report Instance Areas: 
+------+----------------+---------------+------+
|      |Instance        |Module         |Cells |
+------+----------------+---------------+------+
|1     |top             |               |    54|
|2     |  DUT_PB_4Hz    |PushButton     |    47|
|3     |    D1          |D_FF           |     2|
|4     |    D2          |D_FF_0         |     1|
|5     |    DUT_CLK_4Hz |Slow_Clock_4Hz |    44|
+------+----------------+---------------+------+
---------------------------------------------------------------------------------
Finished Writing Synthesis Report : Time (s): cpu = 00:00:37 ; elapsed = 00:00:40 . Memory (MB): peak = 966.164 ; gain = 415.336
---------------------------------------------------------------------------------
Synthesis finished with 0 errors, 0 critical warnings and 3 warnings.
Synthesis Optimization Runtime : Time (s): cpu = 00:00:26 ; elapsed = 00:00:36 . Memory (MB): peak = 966.164 ; gain = 359.598
Synthesis Optimization Complete : Time (s): cpu = 00:00:37 ; elapsed = 00:00:40 . Memory (MB): peak = 966.164 ; gain = 415.336
INFO: [Project 1-571] Translating synthesized netlist
Netlist sorting complete. Time (s): cpu = 00:00:00 ; elapsed = 00:00:00.001 . Memory (MB): peak = 966.164 ; gain = 0.000
INFO: [Netlist 29-17] Analyzing 7 Unisim elements for replacement
INFO: [Netlist 29-28] Unisim Transformation completed in 0 CPU seconds
INFO: [Project 1-570] Preparing netlist for logic optimization
INFO: [Opt 31-138] Pushed 0 inverter(s) to 0 load pin(s).
Netlist sorting complete. Time (s): cpu = 00:00:00 ; elapsed = 00:00:00 . Memory (MB): peak = 974.527 ; gain = 0.000
INFO: [Project 1-111] Unisim Transformation Summary:
No Unisim elements were transformed.

INFO: [Common 17-83] Releasing license: Synthesis
20 Infos, 36 Warnings, 28 Critical Warnings and 0 Errors encountered.
synth_design completed successfully
synth_design: Time (s): cpu = 00:00:45 ; elapsed = 00:00:48 . Memory (MB): peak = 974.527 ; gain = 686.219
Netlist sorting complete. Time (s): cpu = 00:00:00 ; elapsed = 00:00:00.001 . Memory (MB): peak = 974.527 ; gain = 0.000
WARNING: [Constraints 18-5210] No constraints selected for write.
Resolution: This message can indicate that there are no constraints for the design, or it can indicate that the used_in flags are set such that the constraints are ignored. This later case is used when running synth_design to not write synthesis constraints to the resulting checkpoint. Instead, project constraints are read when the synthesized design is opened.
INFO: [Common 17-1381] The checkpoint 'C:/Vivado_project/JOB_projects/trash_projects/check_xdc/check_xdc.runs/synth_1/shell_check.dcp' has been generated.
INFO: [runtcl-4] Executing : report_utilization -file shell_check_utilization_synth.rpt -pb shell_check_utilization_synth.pb
INFO: [Common 17-206] Exiting Vivado at Thu Apr 27 16:23:18 2023...
